c:\users\cleduc\documents\github\ia\2.2 td search space\enoncé\td search space\creaengine\tmp\debug\creaengine-d.pch
c:\users\cleduc\documents\github\ia\2.2 td search space\enoncé\td search space\creaengine\tmp\debug\vc141.pdb
c:\users\cleduc\documents\github\ia\2.2 td search space\enoncé\td search space\creaengine\tmp\debug\vc141.idb
c:\users\cleduc\documents\github\ia\2.2 td search space\enoncé\td search space\creaengine\tmp\debug\creaengine.obj
c:\users\cleduc\documents\github\ia\2.2 td search space\enoncé\td search space\creaengine\tmp\debug\component.obj
c:\users\cleduc\documents\github\ia\2.2 td search space\enoncé\td search space\creaengine\tmp\debug\scene.obj
c:\users\cleduc\documents\github\ia\2.2 td search space\enoncé\td search space\creaengine\tmp\debug\datamanager.obj
c:\users\cleduc\documents\github\ia\2.2 td search space\enoncé\td search space\creaengine\tmp\debug\entity.obj
c:\users\cleduc\documents\github\ia\2.2 td search space\enoncé\td search space\creaengine\tmp\debug\entitymanager.obj
c:\users\cleduc\documents\github\ia\2.2 td search space\enoncé\td search space\creaengine\tmp\debug\gamemanager.obj
c:\users\cleduc\documents\github\ia\2.2 td search space\enoncé\td search space\creaengine\tmp\debug\map.obj
c:\users\cleduc\documents\github\ia\2.2 td search space\enoncé\td search space\creaengine\tmp\debug\node.obj
c:\users\cleduc\documents\github\ia\2.2 td search space\enoncé\td search space\creaengine\tmp\debug\scenemanager.obj
c:\users\cleduc\documents\github\ia\2.2 td search space\enoncé\td search space\creaengine\tmp\debug\tileset.obj
c:\users\cleduc\documents\github\ia\2.2 td search space\enoncé\td search space\creaengine\tmp\debug\color.obj
c:\users\cleduc\documents\github\ia\2.2 td search space\enoncé\td search space\creaengine\tmp\debug\font.obj
c:\users\cleduc\documents\github\ia\2.2 td search space\enoncé\td search space\creaengine\tmp\debug\maprenderer.obj
c:\users\cleduc\documents\github\ia\2.2 td search space\enoncé\td search space\creaengine\tmp\debug\sprite.obj
c:\users\cleduc\documents\github\ia\2.2 td search space\enoncé\td search space\creaengine\tmp\debug\spriterenderer.obj
c:\users\cleduc\documents\github\ia\2.2 td search space\enoncé\td search space\creaengine\tmp\debug\text.obj
c:\users\cleduc\documents\github\ia\2.2 td search space\enoncé\td search space\creaengine\tmp\debug\textrenderer.obj
c:\users\cleduc\documents\github\ia\2.2 td search space\enoncé\td search space\creaengine\tmp\debug\texture.obj
c:\users\cleduc\documents\github\ia\2.2 td search space\enoncé\td search space\creaengine\tmp\debug\inputmanager.obj
c:\users\cleduc\documents\github\ia\2.2 td search space\enoncé\td search space\creaengine\tmp\debug\jsoncpp.obj
c:\users\cleduc\documents\github\ia\2.2 td search space\enoncé\td search space\creaengine\lib\creaengine-d.lib
c:\users\cleduc\documents\github\ia\2.2 td search space\enoncé\td search space\creaengine\lib\creaengine-d.exp
c:\users\cleduc\documents\github\ia\2.2 td search space\enoncé\td search space\creaengine\bin\creaengine-d.ilk
c:\users\cleduc\documents\github\ia\2.2 td search space\enoncé\td search space\creaengine\bin\creaengine-d.dll
c:\users\cleduc\documents\github\ia\2.2 td search space\enoncé\td search space\creaengine\lib\creaengine-d.pdb
c:\users\cleduc\documents\github\ia\2.2 td search space\enoncé\td search space\creaengine\src\..\bin\creaengine-d.dll
c:\users\cleduc\documents\github\ia\2.2 td search space\enoncé\td search space\creaengine\src\..\bin\creaengine-d.ilk
c:\users\cleduc\documents\github\ia\2.2 td search space\enoncé\td search space\creaengine\tmp\debug\creaengine.tlog\cl.command.1.tlog
c:\users\cleduc\documents\github\ia\2.2 td search space\enoncé\td search space\creaengine\tmp\debug\creaengine.tlog\cl.read.1.tlog
c:\users\cleduc\documents\github\ia\2.2 td search space\enoncé\td search space\creaengine\tmp\debug\creaengine.tlog\cl.write.1.tlog
c:\users\cleduc\documents\github\ia\2.2 td search space\enoncé\td search space\creaengine\tmp\debug\creaengine.tlog\creaengine.write.1u.tlog
c:\users\cleduc\documents\github\ia\2.2 td search space\enoncé\td search space\creaengine\tmp\debug\creaengine.tlog\link.command.1.tlog
c:\users\cleduc\documents\github\ia\2.2 td search space\enoncé\td search space\creaengine\tmp\debug\creaengine.tlog\link.read.1.tlog
c:\users\cleduc\documents\github\ia\2.2 td search space\enoncé\td search space\creaengine\tmp\debug\creaengine.tlog\link.write.1.tlog
