c:\users\cleduc\documents\github\ia\td ai tools\cells\tmp\debug\cells-d.pch
c:\users\cleduc\documents\github\ia\td ai tools\cells\tmp\debug\vc141.pdb
c:\users\cleduc\documents\github\ia\td ai tools\cells\tmp\debug\vc141.idb
c:\users\cleduc\documents\github\ia\td ai tools\cells\tmp\debug\stdafx.obj
c:\users\cleduc\documents\github\ia\td ai tools\cells\tmp\debug\cells.obj
c:\users\cleduc\documents\github\ia\td ai tools\cells\tmp\debug\aitools.obj
c:\users\cleduc\documents\github\ia\td ai tools\cells\tmp\debug\scenegame.obj
c:\users\cleduc\documents\github\ia\td ai tools\cells\tmp\debug\scenemap.obj
c:\users\cleduc\documents\github\ia\td ai tools\cells\tmp\debug\scenemenu.obj
c:\users\cleduc\documents\github\ia\td ai tools\cells\bin\cells-d.ilk
c:\users\cleduc\documents\github\ia\td ai tools\cells\bin\cells-d.exe
c:\users\cleduc\documents\github\ia\td ai tools\cells\bin\cells-d.pdb
c:\users\cleduc\documents\github\ia\td ai tools\cells\src\..\bin\cells-d.pdb
c:\users\cleduc\documents\github\ia\td ai tools\cells\src\..\bin\cells-d.exe
c:\users\cleduc\documents\github\ia\td ai tools\cells\src\..\bin\cells-d.ilk
c:\users\cleduc\documents\github\ia\td ai tools\cells\tmp\debug\cells.tlog\cl.command.1.tlog
c:\users\cleduc\documents\github\ia\td ai tools\cells\tmp\debug\cells.tlog\cl.read.1.tlog
c:\users\cleduc\documents\github\ia\td ai tools\cells\tmp\debug\cells.tlog\cl.write.1.tlog
c:\users\cleduc\documents\github\ia\td ai tools\cells\tmp\debug\cells.tlog\link.command.1.tlog
c:\users\cleduc\documents\github\ia\td ai tools\cells\tmp\debug\cells.tlog\link.read.1.tlog
c:\users\cleduc\documents\github\ia\td ai tools\cells\tmp\debug\cells.tlog\link.write.1.tlog
