  CreaEngine.cpp
  jsoncpp.cpp
  InputManager.cpp
  Texture.cpp
  TextRenderer.cpp
  Text.cpp
  SpriteRenderer.cpp
  Sprite.cpp
  ShapeRenderer.cpp
  Shape.cpp
  MapRenderer.cpp
  Font.cpp
  Color.cpp
  TileSet.cpp
  SceneManager.cpp
  Node.cpp
  Map.cpp
  GameManager.cpp
  EntityManager.cpp
  Entity.cpp
  DataManager.cpp
  Génération de code en cours...
  Compilation en cours...
  TimeManager.cpp
  Scene.cpp
  Component.cpp
  Agent.cpp
  Génération de code en cours...
     Création de la bibliothèque C:\Users\cleduc\Documents\GitHub\IA\TD AI Tools\CreaEngine\src\..\lib\CreaEngine-d.lib et de l'objet C:\Users\cleduc\Documents\GitHub\IA\TD AI Tools\CreaEngine\src\..\lib\CreaEngine-d.exp
  CreaEngine.vcxproj -> C:\Users\cleduc\Documents\GitHub\IA\TD AI Tools\CreaEngine\src\..\bin\CreaEngine-d.dll
  C:\Users\cleduc\Documents\GitHub\IA\TD AI Tools\CreaEngine\src\..\bin\CreaEngine-d.dll
  1 fichier(s) copié(s)
