  DataManager.cpp
  Animation.cpp
  TimeManager.cpp
  Scene.cpp
  Component.cpp
  Agent.cpp
  ActionTable.cpp
  Génération de code en cours...
     Création de la bibliothèque C:\Users\Etudiant1\Desktop\cleduc\IA\TD Movement\CreaEngine\src\..\lib\CreaEngine-d.lib et de l'objet C:\Users\Etudiant1\Desktop\cleduc\IA\TD Movement\CreaEngine\src\..\lib\CreaEngine-d.exp
  CreaEngine.vcxproj -> C:\Users\Etudiant1\Desktop\cleduc\IA\TD Movement\CreaEngine\src\..\bin\CreaEngine-d.dll
  CreaEngine.vcxproj -> C:\Users\Etudiant1\Desktop\cleduc\IA\TD Movement\CreaEngine\src\..\lib\CreaEngine-d.pdb (Partial PDB)
  C:\Users\Etudiant1\Desktop\cleduc\IA\TD Movement\CreaEngine\src\..\bin\CreaEngine-d.dll
  C:\Users\Etudiant1\Desktop\cleduc\IA\TD Movement\CreaEngine\src\..\bin\openal32.dll
  C:\Users\Etudiant1\Desktop\cleduc\IA\TD Movement\CreaEngine\src\..\bin\sfml-audio-2.dll
  C:\Users\Etudiant1\Desktop\cleduc\IA\TD Movement\CreaEngine\src\..\bin\sfml-audio-d-2.dll
  C:\Users\Etudiant1\Desktop\cleduc\IA\TD Movement\CreaEngine\src\..\bin\sfml-graphics-2.dll
  C:\Users\Etudiant1\Desktop\cleduc\IA\TD Movement\CreaEngine\src\..\bin\sfml-graphics-d-2.dll
  C:\Users\Etudiant1\Desktop\cleduc\IA\TD Movement\CreaEngine\src\..\bin\sfml-network-2.dll
  C:\Users\Etudiant1\Desktop\cleduc\IA\TD Movement\CreaEngine\src\..\bin\sfml-network-d-2.dll
  C:\Users\Etudiant1\Desktop\cleduc\IA\TD Movement\CreaEngine\src\..\bin\sfml-system-2.dll
  C:\Users\Etudiant1\Desktop\cleduc\IA\TD Movement\CreaEngine\src\..\bin\sfml-system-d-2.dll
  C:\Users\Etudiant1\Desktop\cleduc\IA\TD Movement\CreaEngine\src\..\bin\sfml-window-2.dll
  C:\Users\Etudiant1\Desktop\cleduc\IA\TD Movement\CreaEngine\src\..\bin\sfml-window-d-2.dll
  12 fichier(s) copié(s)
