c:\users\cleduc\documents\github\ia\td movement\creaengine\tmp\debug\creaengine-d.pch
c:\users\cleduc\documents\github\ia\td movement\creaengine\tmp\debug\vc141.pdb
c:\users\cleduc\documents\github\ia\td movement\creaengine\tmp\debug\vc141.idb
c:\users\cleduc\documents\github\ia\td movement\creaengine\tmp\debug\creaengine.obj
c:\users\cleduc\documents\github\ia\td movement\creaengine\tmp\debug\entity.obj
c:\users\cleduc\documents\github\ia\td movement\creaengine\tmp\debug\entitymanager.obj
c:\users\cleduc\documents\github\ia\td movement\creaengine\tmp\debug\gamemanager.obj
c:\users\cleduc\documents\github\ia\td movement\creaengine\tmp\debug\map.obj
c:\users\cleduc\documents\github\ia\td movement\creaengine\tmp\debug\node.obj
c:\users\cleduc\documents\github\ia\td movement\creaengine\tmp\debug\scenemanager.obj
c:\users\cleduc\documents\github\ia\td movement\creaengine\tmp\debug\tileset.obj
c:\users\cleduc\documents\github\ia\td movement\creaengine\tmp\debug\animator.obj
c:\users\cleduc\documents\github\ia\td movement\creaengine\tmp\debug\color.obj
c:\users\cleduc\documents\github\ia\td movement\creaengine\tmp\debug\font.obj
c:\users\cleduc\documents\github\ia\td movement\creaengine\tmp\debug\maprenderer.obj
c:\users\cleduc\documents\github\ia\td movement\creaengine\tmp\debug\shape.obj
c:\users\cleduc\documents\github\ia\td movement\creaengine\tmp\debug\shaperenderer.obj
c:\users\cleduc\documents\github\ia\td movement\creaengine\tmp\debug\sprite.obj
c:\users\cleduc\documents\github\ia\td movement\creaengine\tmp\debug\spriterenderer.obj
c:\users\cleduc\documents\github\ia\td movement\creaengine\tmp\debug\text.obj
c:\users\cleduc\documents\github\ia\td movement\creaengine\tmp\debug\textrenderer.obj
c:\users\cleduc\documents\github\ia\td movement\creaengine\tmp\debug\texture.obj
c:\users\cleduc\documents\github\ia\td movement\creaengine\tmp\debug\inputmanager.obj
c:\users\cleduc\documents\github\ia\td movement\creaengine\tmp\debug\jsoncpp.obj
c:\users\cleduc\documents\github\ia\td movement\creaengine\tmp\debug\actiontable.obj
c:\users\cleduc\documents\github\ia\td movement\creaengine\tmp\debug\agent.obj
c:\users\cleduc\documents\github\ia\td movement\creaengine\tmp\debug\component.obj
c:\users\cleduc\documents\github\ia\td movement\creaengine\tmp\debug\scene.obj
c:\users\cleduc\documents\github\ia\td movement\creaengine\tmp\debug\timemanager.obj
c:\users\cleduc\documents\github\ia\td movement\creaengine\tmp\debug\animation.obj
c:\users\cleduc\documents\github\ia\td movement\creaengine\tmp\debug\datamanager.obj
c:\users\cleduc\documents\github\ia\td movement\creaengine\tmp\debug\creaengine.tlog\cl.command.1.tlog
c:\users\cleduc\documents\github\ia\td movement\creaengine\tmp\debug\creaengine.tlog\cl.read.1.tlog
c:\users\cleduc\documents\github\ia\td movement\creaengine\tmp\debug\creaengine.tlog\cl.write.1.tlog
c:\users\cleduc\documents\github\ia\td movement\creaengine\tmp\debug\creaengine.tlog\link.command.1.tlog
c:\users\cleduc\documents\github\ia\td movement\creaengine\tmp\debug\creaengine.tlog\link.read.1.tlog
c:\users\cleduc\documents\github\ia\td movement\creaengine\tmp\debug\creaengine.tlog\link.write.1.tlog
